[debug] [2020-10-20T01:07:16.601Z] ----------------------------------------------------------------------
[debug] [2020-10-20T01:07:16.603Z] Command:       /usr/local/bin/node /usr/local/bin/firebase init
[debug] [2020-10-20T01:07:16.604Z] CLI Version:   8.12.1
[debug] [2020-10-20T01:07:16.604Z] Platform:      darwin
[debug] [2020-10-20T01:07:16.604Z] Node Version:  v12.16.3
[debug] [2020-10-20T01:07:16.614Z] Time:          Tue Oct 20 2020 10:07:16 GMT+0900 (GMT+09:00)
[debug] [2020-10-20T01:07:16.614Z] ----------------------------------------------------------------------
[debug] [2020-10-20T01:07:16.615Z] 
[debug] [2020-10-20T01:07:16.626Z] > command requires scopes: ["email","openid","https://www.googleapis.com/auth/cloudplatformprojects.readonly","https://www.googleapis.com/auth/firebase","https://www.googleapis.com/auth/cloud-platform"]
[debug] [2020-10-20T01:07:16.626Z] > authorizing via signed-in user
[info] 
     ######## #### ########  ######## ########     ###     ######  ########
     ##        ##  ##     ## ##       ##     ##  ##   ##  ##       ##
     ######    ##  ########  ######   ########  #########  ######  ######
     ##        ##  ##    ##  ##       ##     ## ##     ##       ## ##
     ##       #### ##     ## ######## ########  ##     ##  ######  ########

You're about to initialize a Firebase project in this directory:

  /Users/choewonseog/Documents/React/khu-date-app

[debug] [2020-11-04T12:07:51.266Z] ----------------------------------------------------------------------
[debug] [2020-11-04T12:07:51.269Z] Command:       /usr/local/bin/node /usr/local/bin/firebase init
[debug] [2020-11-04T12:07:51.269Z] CLI Version:   8.14.1
[debug] [2020-11-04T12:07:51.270Z] Platform:      darwin
[debug] [2020-11-04T12:07:51.270Z] Node Version:  v12.16.3
[debug] [2020-11-04T12:07:51.275Z] Time:          Wed Nov 04 2020 21:07:51 GMT+0900 (GMT+09:00)
[debug] [2020-11-04T12:07:51.276Z] ----------------------------------------------------------------------
[debug] [2020-11-04T12:07:51.276Z] 
[debug] [2020-11-04T12:07:51.285Z] > command requires scopes: ["email","openid","https://www.googleapis.com/auth/cloudplatformprojects.readonly","https://www.googleapis.com/auth/firebase","https://www.googleapis.com/auth/cloud-platform"]
[debug] [2020-11-04T12:07:51.285Z] > authorizing via signed-in user
[info] 
     ######## #### ########  ######## ########     ###     ######  ########
     ##        ##  ##     ## ##       ##     ##  ##   ##  ##       ##
     ######    ##  ########  ######   ########  #########  ######  ######
     ##        ##  ##    ##  ##       ##     ## ##     ##       ## ##
     ##       #### ##     ## ######## ########  ##     ##  ######  ########

You're about to initialize a Firebase project in this directory:

  /Users/choewonseog/Documents/React/khu-date-app

